COVERGROUP COVERAGE:
-----------------------------------------------------------------------------------------------
Covergroup                                             Metric       Goal    Status               
                                                                                              
-----------------------------------------------------------------------------------------------
 TYPE /alu_pkg/alu_coverage/alu_cg                      92.1%        100    Uncovered            
    covered/total bins:                                    55         58                      
    missing/total bins:                                     3         58                      
    % Hit:                                              94.8%        100                      
    Coverpoint alu_cg::reset_cov                        50.0%        100    Uncovered            
        covered/total bins:                                 1          2                      
        missing/total bins:                                 1          2                      
        % Hit:                                          50.0%        100                      
        bin rst_high                                        0          1    ZERO                 
        bin rst_low                                       254          1    Covered              
    Coverpoint alu_cg::clk_enable_cov                   50.0%        100    Uncovered            
        covered/total bins:                                 1          2                      
        missing/total bins:                                 1          2                      
        % Hit:                                          50.0%        100                      
        bin ce_active                                     254          1    Covered              
        bin ce_inactive                                     0          1    ZERO                 
    Coverpoint alu_cg::inp_valid_cov                    75.0%        100    Uncovered            
        covered/total bins:                                 3          4                      
        missing/total bins:                                 1          4                      
        % Hit:                                          75.0%        100                      
        bin only_opa_valid                                 60          1    Covered              
        bin only_opb_valid                                 64          1    Covered              
        bin both_ops_valid                                130          1    Covered              
        bin no_input                                        0          1    ZERO                 
    Coverpoint alu_cg::mode_cov                        100.0%        100    Covered              
        covered/total bins:                                 2          2                      
        missing/total bins:                                 0          2                      
        % Hit:                                         100.0%        100                      
        bin arithmetic_mode                               170          1    Covered              
        bin logical_mode                                   84          1    Covered              
    Coverpoint alu_cg::carry_in_cov                    100.0%        100    Covered              
        covered/total bins:                                 2          2                      
        missing/total bins:                                 0          2                      
        % Hit:                                         100.0%        100                      
        bin cin_set                                       138          1    Covered              
        bin cin_clear                                     116          1    Covered              
    Coverpoint alu_cg::arith_cmd_cov                   100.0%        100    Covered              
        covered/total bins:                                11         11                      
        missing/total bins:                                 0         11                      
        % Hit:                                         100.0%        100                      
        ignore_bin unused                                   0               ZERO                 
        bin op_add                                         22          1    Covered              
        bin op_sub                                         14          1    Covered              
        bin op_add_cin                                     14          1    Covered              
        bin op_sub_cin                                     16          1    Covered              
        bin op_inc_a                                       12          1    Covered              
        bin op_dec_a                                       12          1    Covered              
        bin op_inc_b                                        6          1    Covered              
        bin op_dec_b                                       12          1    Covered              
        bin op_cmp                                         32          1    Covered              
        bin op_mul_inc                                     16          1    Covered              
        bin op_mul_shift                                   14          1    Covered              
    Coverpoint alu_cg::logic_cmd_cov                   100.0%        100    Covered              
        covered/total bins:                                14         14                      
        missing/total bins:                                 0         14                      
        % Hit:                                         100.0%        100                      
        ignore_bin unused                                   0               ZERO                 
        bin op_and                                          6          1    Covered              
        bin op_nand                                         6          1    Covered              
        bin op_or                                           6          1    Covered              
        bin op_nor                                          6          1    Covered              
        bin op_xor                                          6          1    Covered              
        bin op_xnor                                         6          1    Covered              
        bin op_not_a                                        6          1    Covered              
        bin op_not_b                                        6          1    Covered              
        bin op_shr_a                                        6          1    Covered              
        bin op_shl_a                                        6          1    Covered              
        bin op_shr_b                                        6          1    Covered              
        bin op_shl_b                                        6          1    Covered              
        bin op_rol                                          6          1    Covered              
        bin op_ror                                          6          1    Covered              
    Coverpoint alu_cg::opa_value_cov                   100.0%        100    Covered              
        covered/total bins:                                 3          3                      
        missing/total bins:                                 0          3                      
        % Hit:                                         100.0%        100                      
        bin opa_zero                                        6          1    Covered              
        bin opa_small                                     120          1    Covered              
        bin opa_large                                     128          1    Covered              
    Coverpoint alu_cg::opb_value_cov                   100.0%        100    Covered              
        covered/total bins:                                 3          3                      
        missing/total bins:                                 0          3                      
        % Hit:                                         100.0%        100                      
        bin opb_zero                                        6          1    Covered              
        bin opb_small                                     130          1    Covered              
        bin opb_large                                     118          1    Covered              
    Coverpoint alu_cg::result_cov                      100.0%        100    Covered              
        covered/total bins:                                 3          3                      
        missing/total bins:                                 0          3                      
        % Hit:                                         100.0%        100                      
        bin res_zero                                      150          1    Covered              
        bin res_small                                      85          1    Covered              
        bin res_large                                      19          1    Covered              
    Coverpoint alu_cg::carry_out_cov                   100.0%        100    Covered              
        covered/total bins:                                 2          2                      
        missing/total bins:                                 0          2                      
        % Hit:                                         100.0%        100                      
        bin cout_set                                        6          1    Covered              
        bin cout_clear                                    248          1    Covered              
    Coverpoint alu_cg::overflow_cov                    100.0%        100    Covered              
        covered/total bins:                                 2          2                      
        missing/total bins:                                 0          2                      
        % Hit:                                         100.0%        100                      
        bin oflow_set                                       7          1    Covered              
        bin oflow_clear                                   247          1    Covered              
    Coverpoint alu_cg::equal_flag_cov                  100.0%        100    Covered              
        covered/total bins:                                 2          2                      
        missing/total bins:                                 0          2                      
        % Hit:                                         100.0%        100                      
        bin equal_true                                      3          1    Covered              
        bin equal_false                                   251          1    Covered              
    Coverpoint alu_cg::greater_flag_cov                100.0%        100    Covered              
        covered/total bins:                                 2          2                      
        missing/total bins:                                 0          2                      
        % Hit:                                         100.0%        100                      
        bin greater_true                                    8          1    Covered              
        bin greater_false                                 246          1    Covered              
    Coverpoint alu_cg::less_flag_cov                   100.0%        100    Covered              
        covered/total bins:                                 2          2                      
        missing/total bins:                                 0          2                      
        % Hit:                                         100.0%        100                      
        bin less_true                                       5          1    Covered              
        bin less_false                                    249          1    Covered              
    Coverpoint alu_cg::error_flag_cov                  100.0%        100    Covered              
        covered/total bins:                                 2          2                      
        missing/total bins:                                 0          2                      
        % Hit:                                         100.0%        100                      
        bin error_set                                       1          1    Covered              
        bin error_clear                                   253          1    Covered              
 CLASS alu_coverage

TOTAL COVERGROUP COVERAGE: 92.1%  COVERGROUP TYPES: 1

ASSERTION RESULTS:
-------------------------------------------------------
Name                 File(Line)           Failure Pass 
                                          Count   Count 
-------------------------------------------------------
/alu_pkg/add_rand_data/run/immed__207
                     alu_txn.sv(207)            0     1
/alu_pkg/sub_rand_data/run/immed__214
                     alu_txn.sv(214)            0     1
/alu_pkg/add_cin_rand_data/run/immed__221
                     alu_txn.sv(221)            0     1
/alu_pkg/sub_cin_rand_data/run/immed__228
                     alu_txn.sv(228)            0     1
/alu_pkg/inc_a_rand_data/run/immed__235
                     alu_txn.sv(235)            0     1
/alu_pkg/dec_a_rand_data/run/immed__242
                     alu_txn.sv(242)            0     1
/alu_pkg/inc_b_rand_data/run/immed__249
                     alu_txn.sv(249)            0     1
/alu_pkg/dec_b_rand_data/run/immed__256
                     alu_txn.sv(256)            0     1
/alu_pkg/cmp_gt_rand_data/run/immed__263
                     alu_txn.sv(263)            0     1
/alu_pkg/cmp_lt_rand_data/run/immed__270
                     alu_txn.sv(270)            0     1
/alu_pkg/cmp_eq_rand_data/run/immed__277
                     alu_txn.sv(277)            0     1
/alu_pkg/mul_inc_rand_data/run/immed__284
                     alu_txn.sv(284)            0     1
/alu_pkg/mul_shift_rand_data/run/immed__291
                     alu_txn.sv(291)            0     1
/alu_pkg/and_rand_data/run/immed__299
                     alu_txn.sv(299)            0     1
/alu_pkg/nand_rand_data/run/immed__306
                     alu_txn.sv(306)            0     1
/alu_pkg/or_rand_data/run/immed__313
                     alu_txn.sv(313)            0     1
/alu_pkg/nor_rand_data/run/immed__320
                     alu_txn.sv(320)            0     1
/alu_pkg/xor_rand_data/run/immed__327
                     alu_txn.sv(327)            0     1
/alu_pkg/xnor_rand_data/run/immed__334
                     alu_txn.sv(334)            0     1
/alu_pkg/not_a_rand_data/run/immed__341
                     alu_txn.sv(341)            0     1
/alu_pkg/not_b_rand_data/run/immed__348
                     alu_txn.sv(348)            0     1
/alu_pkg/shr_a_rand_data/run/immed__355
                     alu_txn.sv(355)            0     1
/alu_pkg/shl_a_rand_data/run/immed__362
                     alu_txn.sv(362)            0     1
/alu_pkg/shr_b_rand_data/run/immed__369
                     alu_txn.sv(369)            0     1
/alu_pkg/shl_b_rand_data/run/immed__376
                     alu_txn.sv(376)            0     1
/alu_pkg/rol_rand_data/run/immed__383
                     alu_txn.sv(383)            0     1
/alu_pkg/ror_rand_data/run/immed__390
                     alu_txn.sv(390)            0     1
/alu_pkg/no_input_data/run/immed__398
                     alu_txn.sv(398)            0     1
/alu_pkg/ce_inactive_data/run/immed__409
                     alu_txn.sv(409)            0     1
/alu_pkg/opa_zero_data/run/immed__421
                     alu_txn.sv(421)            0     1
/alu_pkg/opb_zero_data/run/immed__430
                     alu_txn.sv(430)            0     1
/alu_pkg/random_inp_valid/run/immed__439
                     alu_txn.sv(439)            0     1
/alu_pkg/rst_high_data/run/immed__450
                     alu_txn.sv(450)            0     1
